
  11 Apr 23:18:21 [1081259096] BEGIN, binkd/1.1a-115/Amiga binkd.conf
  11 Apr 23:18:21 [1081259096] clientmgr started
? 11 Apr 23:18:21 [1081259096] Can't create gdh1:fido/log/binkd.pid: File exists
  11 Apr 23:18:22 [1081259096] servmgr started
- 11 Apr 23:18:22 [1081259096] servmgr listen on *:24558
- 11 Apr 23:20:19 [1081259096] incoming from 192.168.1.1 (22239)
+ 11 Apr 23:20:19 [1081259096] incoming session with _gateway [192.168.1.1]
- 11 Apr 23:20:19 [1081259096] OPT CRYPT
+ 11 Apr 23:20:19 [1081259096] Remote requests CRYPT mode
- 11 Apr 23:20:19 [1081259096] SYS Citrick BBS
- 11 Apr 23:20:19 [1081259096] ZYZ Tanausu Martin
- 11 Apr 23:20:19 [1081259096] LOC S/C Tenerife, Spain
- 11 Apr 23:20:20 [1081259096] NDL 115200,TCP,BINKP
- 11 Apr 23:20:20 [1081259096] TIME Sat Apr 11 2026 21:20:20 GMT+0100 (WEST)
- 11 Apr 23:20:20 [1081259096] VER BinkIT/2.42,JSBinkP/4,sbbs3.21f/FreeBSD binkp/1.1
+ 11 Apr 23:20:20 [1081259096] addr: 46:20/121@agoranet
+ 11 Apr 23:20:20 [1081259096] addr: 39:190/101@amiganet
+ 11 Apr 23:20:20 [1081259096] addr: 10:100/60@araknet
+ 11 Apr 23:20:20 [1081259096] addr: 64:500/60@cnet
+ 11 Apr 23:20:20 [1081259096] addr: 2:341/207@fidonet
+ 11 Apr 23:20:20 [1081259096] addr: 21:3/219@fsxnet
+ 11 Apr 23:20:20 [1081259096] addr: 954:700/12@hobbynet
+ 11 Apr 23:20:20 [1081259096] addr: 618:500/19@micronet
+ 11 Apr 23:20:20 [1081259096] addr: 86:534/20@nixnet
+ 11 Apr 23:20:20 [1081259096] addr: 314:413/60@pinet
+ 11 Apr 23:20:20 [1081259096] addr: 80:774/60@retronet
+ 11 Apr 23:20:20 [1081259096] addr: 42:1/105@sfnet
+ 11 Apr 23:20:20 [1081259096] addr: 1337:1/126@tqwnet
+ 11 Apr 23:20:21 [1081259096] pwd protected session (MD5)
- 11 Apr 23:20:21 [1081259096] session in CRYPT mode
- 11 Apr 23:20:21 [1081259096] receiving 0000p002.SA0 (640 byte(s), off 0)
+ 11 Apr 23:20:22 [1081259096] 0000p002.SA0 -> gdh1:fido/inbound/0000p002.SA0
  11 Apr 23:20:22 [1081259096] got *.sa?, delayed starting gdh1:fido/scripts/decompress2
  11 Apr 23:20:22 [1081259096] got *.SA?, delayed starting gdh1:fido/scripts/decompress2
+ 11 Apr 23:20:22 [1081259096] rcvd: 0000p002.SA0 (640, 640.00 CPS, 46:20/121@agoranet)
- 11 Apr 23:20:22 [1081259096] receiving 0000p002.SA0 (640 byte(s), off 0)
+ 11 Apr 23:20:22 [1081259096] error renaming `0000p002.SA0' to `gdh1:fido/inbound/0000p002.SA0': Permission denied
+ 11 Apr 23:20:22 [1081259096] 0000p002.SA0 -> gdh1:fido/inbound/0000p000.SA0
  11 Apr 23:20:22 [1081259096] got *.sa?, delayed starting gdh1:fido/scripts/decompress2
  11 Apr 23:20:22 [1081259096] got *.SA?, delayed starting gdh1:fido/scripts/decompress2
+ 11 Apr 23:20:22 [1081259096] rcvd: 0000p002.SA0 (640, 640.00 CPS, 46:20/121@agoranet)
- 11 Apr 23:20:22 [1081259096] receiving 0000p002.SA0 (640 byte(s), off 0)
+ 11 Apr 23:20:22 [1081259096] error renaming `0000p002.SA0' to `gdh1:fido/inbound/0000p002.SA0': Permission denied
+ 11 Apr 23:20:22 [1081259096] error renaming `0000p002.SA0' to `gdh1:fido/inbound/0000p000.SA0': Permission denied
+ 11 Apr 23:20:22 [1081259096] 0000p002.SA0 -> gdh1:fido/inbound/0000p001.SA0
  11 Apr 23:20:22 [1081259096] got *.sa?, delayed starting gdh1:fido/scripts/decompress2
  11 Apr 23:20:22 [1081259096] got *.SA?, delayed starting gdh1:fido/scripts/decompress2
+ 11 Apr 23:20:22 [1081259096] rcvd: 0000p002.SA0 (640, 640.00 CPS, 46:20/121@agoranet)
- 11 Apr 23:20:23 [1081259096] receiving 0000p002.SA0 (640 byte(s), off 0)
+ 11 Apr 23:20:23 [1081259096] error renaming `0000p002.SA0' to `gdh1:fido/inbound/0000p002.SA0': Permission denied
+ 11 Apr 23:20:23 [1081259096] error renaming `0000p002.SA0' to `gdh1:fido/inbound/0000p000.SA0': Permission denied
+ 11 Apr 23:20:23 [1081259096] error renaming `0000p002.SA0' to `gdh1:fido/inbound/0000p001.SA0': Permission denied
+ 11 Apr 23:20:23 [1081259096] error renaming `0000p002.SA0' to `gdh1:fido/inbound/0000p002.SA0': Permission denied
+ 11 Apr 23:20:23 [1081259096] 0000p002.SA0 -> gdh1:fido/inbound/0000p003.SA0
  11 Apr 23:20:23 [1081259096] got *.sa?, delayed starting gdh1:fido/scripts/decompress2
  11 Apr 23:20:23 [1081259096] got *.SA?, delayed starting gdh1:fido/scripts/decompress2
+ 11 Apr 23:20:23 [1081259096] rcvd: 0000p002.SA0 (640, 640.00 CPS, 46:20/121@agoranet)
- 11 Apr 23:20:23 [1081259096] receiving 0000p002.SA0 (640 byte(s), off 0)
+ 11 Apr 23:20:23 [1081259096] error renaming `0000p002.SA0' to `gdh1:fido/inbound/0000p002.SA0': Permission denied
+ 11 Apr 23:20:23 [1081259096] error renaming `0000p002.SA0' to `gdh1:fido/inbound/0000p000.SA0': Permission denied
+ 11 Apr 23:20:23 [1081259096] error renaming `0000p002.SA0' to `gdh1:fido/inbound/0000p001.SA0': Permission denied
+ 11 Apr 23:20:23 [1081259096] error renaming `0000p002.SA0' to `gdh1:fido/inbound/0000p002.SA0': Permission denied
+ 11 Apr 23:20:23 [1081259096] error renaming `0000p002.SA0' to `gdh1:fido/inbound/0000p003.SA0': Permission denied
+ 11 Apr 23:20:23 [1081259096] 0000p002.SA0 -> gdh1:fido/inbound/0000p004.SA0
  11 Apr 23:20:23 [1081259096] got *.sa?, delayed starting gdh1:fido/scripts/decompress2
  11 Apr 23:20:23 [1081259096] got *.SA?, delayed starting gdh1:fido/scripts/decompress2
+ 11 Apr 23:20:23 [1081259096] rcvd: 0000p002.SA0 (640, 640.00 CPS, 46:20/121@agoranet)
- 11 Apr 23:20:23 [1081259096] receiving 0000p002.SA0 (640 byte(s), off 0)
+ 11 Apr 23:20:24 [1081259096] error renaming `0000p002.SA0' to `gdh1:fido/inbound/0000p002.SA0': Permission denied
+ 11 Apr 23:20:24 [1081259096] error renaming `0000p002.SA0' to `gdh1:fido/inbound/0000p000.SA0': Permission denied
+ 11 Apr 23:20:24 [1081259096] error renaming `0000p002.SA0' to `gdh1:fido/inbound/0000p001.SA0': Permission denied
+ 11 Apr 23:20:24 [1081259096] error renaming `0000p002.SA0' to `gdh1:fido/inbound/0000p002.SA0': Permission denied
+ 11 Apr 23:20:24 [1081259096] error renaming `0000p002.SA0' to `gdh1:fido/inbound/0000p003.SA0': Permission denied
+ 11 Apr 23:20:24 [1081259096] error renaming `0000p002.SA0' to `gdh1:fido/inbound/0000p004.SA0': Permission denied
+ 11 Apr 23:20:24 [1081259096] 0000p002.SA0 -> gdh1:fido/inbound/0000p005.SA0
  11 Apr 23:20:24 [1081259096] got *.sa?, delayed starting gdh1:fido/scripts/decompress2
  11 Apr 23:20:24 [1081259096] got *.SA?, delayed starting gdh1:fido/scripts/decompress2
+ 11 Apr 23:20:24 [1081259096] rcvd: 0000p002.SA0 (640, 640.00 CPS, 46:20/121@agoranet)
? 11 Apr 23:20:24 [1081259096] recv: connection closed by foreign host
+ 11 Apr 23:20:24 [1081259096] done (from 46:20/121@agoranet, failed, S/R: 0/6 (0/3840 bytes))
  11 Apr 23:20:24 [1081259096] Running gdh1:fido/scripts/decompress2
- 11 Apr 23:20:24 [1081259096] executing `gdh1:fido/scripts/decompress2'
- 11 Apr 23:20:26 [1081259096] rc=0
  11 Apr 23:20:26 [1081259096] session closed, quitting...
  11 Apr 23:20:27 [1081259096] rc(1089767032)=0
? 11 Apr 23:20:27 [1081259096] servmgr select(): Socket operation on non-socket
- 11 Apr 23:20:27 [1081259096] servmgr listen on *:24558
- 11 Apr 23:21:47 [1081259096] incoming from 192.168.1.1 (15434)
+ 11 Apr 23:21:47 [1081259096] incoming session with _gateway [192.168.1.1]
- 11 Apr 23:21:47 [1081259096] OPT CRYPT
+ 11 Apr 23:21:47 [1081259096] Remote requests CRYPT mode
- 11 Apr 23:21:47 [1081259096] SYS Citrick BBS
- 11 Apr 23:21:47 [1081259096] ZYZ Tanausu Martin
- 11 Apr 23:21:47 [1081259096] LOC S/C Tenerife, Spain
- 11 Apr 23:21:47 [1081259096] NDL 115200,TCP,BINKP
- 11 Apr 23:21:47 [1081259096] TIME Sat Apr 11 2026 21:21:48 GMT+0100 (WEST)
- 11 Apr 23:21:48 [1081259096] VER BinkIT/2.42,JSBinkP/4,sbbs3.21f/FreeBSD binkp/1.1
+ 11 Apr 23:21:48 [1081259096] addr: 46:20/121@agoranet
+ 11 Apr 23:21:48 [1081259096] addr: 39:190/101@amiganet
+ 11 Apr 23:21:48 [1081259096] addr: 10:100/60@araknet
+ 11 Apr 23:21:48 [1081259096] addr: 64:500/60@cnet
+ 11 Apr 23:21:48 [1081259096] addr: 2:341/207@fidonet
+ 11 Apr 23:21:48 [1081259096] addr: 21:3/219@fsxnet
+ 11 Apr 23:21:48 [1081259096] addr: 954:700/12@hobbynet
+ 11 Apr 23:21:48 [1081259096] addr: 618:500/19@micronet
+ 11 Apr 23:21:48 [1081259096] addr: 86:534/20@nixnet
+ 11 Apr 23:21:48 [1081259096] addr: 314:413/60@pinet
+ 11 Apr 23:21:48 [1081259096] addr: 80:774/60@retronet
+ 11 Apr 23:21:48 [1081259096] addr: 42:1/105@sfnet
+ 11 Apr 23:21:48 [1081259096] addr: 1337:1/126@tqwnet
+ 11 Apr 23:21:49 [1081259096] pwd protected session (MD5)
- 11 Apr 23:21:49 [1081259096] session in CRYPT mode
- 11 Apr 23:21:49 [1081259096] receiving 0000p002.SA0 (568 byte(s), off 0)
+ 11 Apr 23:21:49 [1081259096] 0000p002.SA0 -> gdh1:fido/inbound/0000p002.SA0
  11 Apr 23:21:49 [1081259096] got *.sa?, delayed starting gdh1:fido/scripts/decompress2
  11 Apr 23:21:49 [1081259096] got *.SA?, delayed starting gdh1:fido/scripts/decompress2
+ 11 Apr 23:21:49 [1081259096] rcvd: 0000p002.SA0 (568, 568.00 CPS, 46:20/121@agoranet)
- 11 Apr 23:21:50 [1081259096] receiving 0000p002.SA0 (568 byte(s), off 0)
+ 11 Apr 23:21:50 [1081259096] error renaming `0000p002.SA0' to `gdh1:fido/inbound/0000p002.SA0': Permission denied
+ 11 Apr 23:21:50 [1081259096] 0000p002.SA0 -> gdh1:fido/inbound/0000p000.SA0
  11 Apr 23:21:50 [1081259096] got *.sa?, delayed starting gdh1:fido/scripts/decompress2
  11 Apr 23:21:50 [1081259096] got *.SA?, delayed starting gdh1:fido/scripts/decompress2
+ 11 Apr 23:21:50 [1081259096] rcvd: 0000p002.SA0 (568, 568.00 CPS, 46:20/121@agoranet)
- 11 Apr 23:21:50 [1081259096] receiving 0000p002.SA0 (568 byte(s), off 0)
+ 11 Apr 23:21:50 [1081259096] error renaming `0000p002.SA0' to `gdh1:fido/inbound/0000p002.SA0': Permission denied
+ 11 Apr 23:21:50 [1081259096] error renaming `0000p002.SA0' to `gdh1:fido/inbound/0000p000.SA0': Permission denied
+ 11 Apr 23:21:50 [1081259096] 0000p002.SA0 -> gdh1:fido/inbound/0000p001.SA0
  11 Apr 23:21:50 [1081259096] got *.sa?, delayed starting gdh1:fido/scripts/decompress2
  11 Apr 23:21:50 [1081259096] got *.SA?, delayed starting gdh1:fido/scripts/decompress2
+ 11 Apr 23:21:50 [1081259096] rcvd: 0000p002.SA0 (568, 568.00 CPS, 46:20/121@agoranet)
- 11 Apr 23:21:50 [1081259096] receiving 0000p002.SA0 (568 byte(s), off 0)
+ 11 Apr 23:21:51 [1081259096] error renaming `0000p002.SA0' to `gdh1:fido/inbound/0000p002.SA0': Permission denied
+ 11 Apr 23:21:51 [1081259096] error renaming `0000p002.SA0' to `gdh1:fido/inbound/0000p000.SA0': Permission denied
+ 11 Apr 23:21:51 [1081259096] error renaming `0000p002.SA0' to `gdh1:fido/inbound/0000p001.SA0': Permission denied
+ 11 Apr 23:21:51 [1081259096] error renaming `0000p002.SA0' to `gdh1:fido/inbound/0000p002.SA0': Permission denied
+ 11 Apr 23:21:51 [1081259096] 0000p002.SA0 -> gdh1:fido/inbound/0000p003.SA0
  11 Apr 23:21:51 [1081259096] got *.sa?, delayed starting gdh1:fido/scripts/decompress2
  11 Apr 23:21:51 [1081259096] got *.SA?, delayed starting gdh1:fido/scripts/decompress2
+ 11 Apr 23:21:51 [1081259096] rcvd: 0000p002.SA0 (568, 568.00 CPS, 46:20/121@agoranet)
- 11 Apr 23:21:51 [1081259096] receiving 0000p002.SA0 (568 byte(s), off 0)
+ 11 Apr 23:21:51 [1081259096] error renaming `0000p002.SA0' to `gdh1:fido/inbound/0000p002.SA0': Permission denied
+ 11 Apr 23:21:51 [1081259096] error renaming `0000p002.SA0' to `gdh1:fido/inbound/0000p000.SA0': Permission denied
+ 11 Apr 23:21:51 [1081259096] error renaming `0000p002.SA0' to `gdh1:fido/inbound/0000p001.SA0': Permission denied
+ 11 Apr 23:21:51 [1081259096] error renaming `0000p002.SA0' to `gdh1:fido/inbound/0000p002.SA0': Permission denied
+ 11 Apr 23:21:51 [1081259096] error renaming `0000p002.SA0' to `gdh1:fido/inbound/0000p003.SA0': Permission denied
+ 11 Apr 23:21:51 [1081259096] 0000p002.SA0 -> gdh1:fido/inbound/0000p004.SA0
  11 Apr 23:21:51 [1081259096] got *.sa?, delayed starting gdh1:fido/scripts/decompress2
  11 Apr 23:21:51 [1081259096] got *.SA?, delayed starting gdh1:fido/scripts/decompress2
+ 11 Apr 23:21:51 [1081259096] rcvd: 0000p002.SA0 (568, 568.00 CPS, 46:20/121@agoranet)
- 11 Apr 23:21:51 [1081259096] receiving 0000p002.SA0 (568 byte(s), off 0)
+ 11 Apr 23:21:51 [1081259096] error renaming `0000p002.SA0' to `gdh1:fido/inbound/0000p002.SA0': Permission denied
+ 11 Apr 23:21:52 [1081259096] error renaming `0000p002.SA0' to `gdh1:fido/inbound/0000p000.SA0': Permission denied
+ 11 Apr 23:21:52 [1081259096] error renaming `0000p002.SA0' to `gdh1:fido/inbound/0000p001.SA0': Permission denied
+ 11 Apr 23:21:52 [1081259096] error renaming `0000p002.SA0' to `gdh1:fido/inbound/0000p002.SA0': Permission denied
+ 11 Apr 23:21:52 [1081259096] error renaming `0000p002.SA0' to `gdh1:fido/inbound/0000p003.SA0': Permission denied
+ 11 Apr 23:21:52 [1081259096] error renaming `0000p002.SA0' to `gdh1:fido/inbound/0000p004.SA0': Permission denied
+ 11 Apr 23:21:52 [1081259096] 0000p002.SA0 -> gdh1:fido/inbound/0000p005.SA0
  11 Apr 23:21:52 [1081259096] got *.sa?, delayed starting gdh1:fido/scripts/decompress2
  11 Apr 23:21:52 [1081259096] got *.SA?, delayed starting gdh1:fido/scripts/decompress2
+ 11 Apr 23:21:52 [1081259096] rcvd: 0000p002.SA0 (568, 568.00 CPS, 46:20/121@agoranet)
? 11 Apr 23:21:52 [1081259096] recv: connection closed by foreign host
+ 11 Apr 23:21:52 [1081259096] done (from 46:20/121@agoranet, failed, S/R: 0/6 (0/3408 bytes))
  11 Apr 23:21:52 [1081259096] Running gdh1:fido/scripts/decompress2
- 11 Apr 23:21:52 [1081259096] executing `gdh1:fido/scripts/decompress2'
- 11 Apr 23:21:54 [1081259096] rc=0
  11 Apr 23:21:54 [1081259096] session closed, quitting...
  11 Apr 23:21:55 [1081259096] rc(1089767032)=0
? 11 Apr 23:21:55 [1081259096] servmgr select(): Socket operation on non-socket
- 11 Apr 23:21:55 [1081259096] servmgr listen on *:24558
- 11 Apr 23:22:53 [1081259096] incoming from 192.168.1.1 (61637)
+ 11 Apr 23:22:53 [1081259096] incoming session with _gateway [192.168.1.1]
- 11 Apr 23:22:53 [1081259096] OPT CRYPT
+ 11 Apr 23:22:53 [1081259096] Remote requests CRYPT mode
- 11 Apr 23:22:53 [1081259096] SYS Citrick BBS
- 11 Apr 23:22:53 [1081259096] ZYZ Tanausu Martin
- 11 Apr 23:22:54 [1081259096] LOC S/C Tenerife, Spain
- 11 Apr 23:22:54 [1081259096] NDL 115200,TCP,BINKP
- 11 Apr 23:22:54 [1081259096] TIME Sat Apr 11 2026 21:22:54 GMT+0100 (WEST)
- 11 Apr 23:22:54 [1081259096] VER BinkIT/2.42,JSBinkP/4,sbbs3.21f/FreeBSD binkp/1.1
+ 11 Apr 23:22:54 [1081259096] addr: 46:20/121@agoranet
+ 11 Apr 23:22:54 [1081259096] addr: 39:190/101@amiganet
+ 11 Apr 23:22:54 [1081259096] addr: 10:100/60@araknet
+ 11 Apr 23:22:54 [1081259096] addr: 64:500/60@cnet
+ 11 Apr 23:22:54 [1081259096] addr: 2:341/207@fidonet
+ 11 Apr 23:22:54 [1081259096] addr: 21:3/219@fsxnet
+ 11 Apr 23:22:54 [1081259096] addr: 954:700/12@hobbynet
+ 11 Apr 23:22:54 [1081259096] addr: 618:500/19@micronet
+ 11 Apr 23:22:54 [1081259096] addr: 86:534/20@nixnet
+ 11 Apr 23:22:54 [1081259096] addr: 314:413/60@pinet
+ 11 Apr 23:22:54 [1081259096] addr: 80:774/60@retronet
+ 11 Apr 23:22:54 [1081259096] addr: 42:1/105@sfnet
+ 11 Apr 23:22:54 [1081259096] addr: 1337:1/126@tqwnet
+ 11 Apr 23:22:55 [1081259096] pwd protected session (MD5)
- 11 Apr 23:22:55 [1081259096] session in CRYPT mode
- 11 Apr 23:22:56 [1081259096] receiving 0000p002.SA0 (568 byte(s), off 0)
+ 11 Apr 23:22:56 [1081259096] 0000p002.SA0 -> gdh1:fido/inbound/0000p002.SA0
  11 Apr 23:22:56 [1081259096] got *.sa?, delayed starting gdh1:fido/scripts/decompress2
  11 Apr 23:22:56 [1081259096] got *.SA?, delayed starting gdh1:fido/scripts/decompress2
+ 11 Apr 23:22:56 [1081259096] rcvd: 0000p002.SA0 (568, 568.00 CPS, 46:20/121@agoranet)
- 11 Apr 23:22:56 [1081259096] receiving 0000p002.SA0 (568 byte(s), off 0)
+ 11 Apr 23:22:56 [1081259096] error renaming `0000p002.SA0' to `gdh1:fido/inbound/0000p002.SA0': Permission denied
+ 11 Apr 23:22:56 [1081259096] 0000p002.SA0 -> gdh1:fido/inbound/0000p000.SA0
  11 Apr 23:22:56 [1081259096] got *.sa?, delayed starting gdh1:fido/scripts/decompress2
  11 Apr 23:22:56 [1081259096] got *.SA?, delayed starting gdh1:fido/scripts/decompress2
+ 11 Apr 23:22:56 [1081259096] rcvd: 0000p002.SA0 (568, 568.00 CPS, 46:20/121@agoranet)
- 11 Apr 23:22:56 [1081259096] receiving 0000p002.SA0 (568 byte(s), off 0)
+ 11 Apr 23:22:56 [1081259096] error renaming `0000p002.SA0' to `gdh1:fido/inbound/0000p002.SA0': Permission denied
+ 11 Apr 23:22:56 [1081259096] error renaming `0000p002.SA0' to `gdh1:fido/inbound/0000p000.SA0': Permission denied
+ 11 Apr 23:22:56 [1081259096] 0000p002.SA0 -> gdh1:fido/inbound/0000p001.SA0
  11 Apr 23:22:57 [1081259096] got *.sa?, delayed starting gdh1:fido/scripts/decompress2
  11 Apr 23:22:57 [1081259096] got *.SA?, delayed starting gdh1:fido/scripts/decompress2
+ 11 Apr 23:22:57 [1081259096] rcvd: 0000p002.SA0 (568, 568.00 CPS, 46:20/121@agoranet)
- 11 Apr 23:22:57 [1081259096] receiving 0000p002.SA0 (568 byte(s), off 0)
+ 11 Apr 23:22:57 [1081259096] error renaming `0000p002.SA0' to `gdh1:fido/inbound/0000p002.SA0': Permission denied
+ 11 Apr 23:22:57 [1081259096] error renaming `0000p002.SA0' to `gdh1:fido/inbound/0000p000.SA0': Permission denied
+ 11 Apr 23:22:57 [1081259096] error renaming `0000p002.SA0' to `gdh1:fido/inbound/0000p001.SA0': Permission denied
+ 11 Apr 23:22:57 [1081259096] error renaming `0000p002.SA0' to `gdh1:fido/inbound/0000p002.SA0': Permission denied
+ 11 Apr 23:22:57 [1081259096] 0000p002.SA0 -> gdh1:fido/inbound/0000p003.SA0
  11 Apr 23:22:57 [1081259096] got *.sa?, delayed starting gdh1:fido/scripts/decompress2
  11 Apr 23:22:57 [1081259096] got *.SA?, delayed starting gdh1:fido/scripts/decompress2
+ 11 Apr 23:22:57 [1081259096] rcvd: 0000p002.SA0 (568, 568.00 CPS, 46:20/121@agoranet)
- 11 Apr 23:22:57 [1081259096] receiving 0000p002.SA0 (568 byte(s), off 0)
+ 11 Apr 23:22:57 [1081259096] error renaming `0000p002.SA0' to `gdh1:fido/inbound/0000p002.SA0': Permission denied
+ 11 Apr 23:22:57 [1081259096] error renaming `0000p002.SA0' to `gdh1:fido/inbound/0000p000.SA0': Permission denied
+ 11 Apr 23:22:57 [1081259096] error renaming `0000p002.SA0' to `gdh1:fido/inbound/0000p001.SA0': Permission denied
+ 11 Apr 23:22:57 [1081259096] error renaming `0000p002.SA0' to `gdh1:fido/inbound/0000p002.SA0': Permission denied
+ 11 Apr 23:22:57 [1081259096] error renaming `0000p002.SA0' to `gdh1:fido/inbound/0000p003.SA0': Permission denied
+ 11 Apr 23:22:57 [1081259096] 0000p002.SA0 -> gdh1:fido/inbound/0000p004.SA0
  11 Apr 23:22:57 [1081259096] got *.sa?, delayed starting gdh1:fido/scripts/decompress2
  11 Apr 23:22:57 [1081259096] got *.SA?, delayed starting gdh1:fido/scripts/decompress2
+ 11 Apr 23:22:57 [1081259096] rcvd: 0000p002.SA0 (568, 568.00 CPS, 46:20/121@agoranet)
- 11 Apr 23:22:58 [1081259096] receiving 0000p002.SA0 (568 byte(s), off 0)
+ 11 Apr 23:22:58 [1081259096] error renaming `0000p002.SA0' to `gdh1:fido/inbound/0000p002.SA0': Permission denied
+ 11 Apr 23:22:58 [1081259096] error renaming `0000p002.SA0' to `gdh1:fido/inbound/0000p000.SA0': Permission denied
+ 11 Apr 23:22:58 [1081259096] error renaming `0000p002.SA0' to `gdh1:fido/inbound/0000p001.SA0': Permission denied
+ 11 Apr 23:22:58 [1081259096] error renaming `0000p002.SA0' to `gdh1:fido/inbound/0000p002.SA0': Permission denied
+ 11 Apr 23:22:58 [1081259096] error renaming `0000p002.SA0' to `gdh1:fido/inbound/0000p003.SA0': Permission denied
+ 11 Apr 23:22:58 [1081259096] error renaming `0000p002.SA0' to `gdh1:fido/inbound/0000p004.SA0': Permission denied
+ 11 Apr 23:22:58 [1081259096] 0000p002.SA0 -> gdh1:fido/inbound/0000p005.SA0
  11 Apr 23:22:58 [1081259096] got *.sa?, delayed starting gdh1:fido/scripts/decompress2
  11 Apr 23:22:58 [1081259096] got *.SA?, delayed starting gdh1:fido/scripts/decompress2
+ 11 Apr 23:22:58 [1081259096] rcvd: 0000p002.SA0 (568, 568.00 CPS, 46:20/121@agoranet)
? 11 Apr 23:22:58 [1081259096] recv: connection closed by foreign host
+ 11 Apr 23:22:58 [1081259096] done (from 46:20/121@agoranet, failed, S/R: 0/6 (0/3408 bytes))
  11 Apr 23:22:58 [1081259096] Running gdh1:fido/scripts/decompress2
- 11 Apr 23:22:58 [1081259096] executing `gdh1:fido/scripts/decompress2'
- 11 Apr 23:23:01 [1081259096] rc=0
  11 Apr 23:23:01 [1081259096] session closed, quitting...
  11 Apr 23:23:01 [1081259096] rc(1089767032)=0
? 11 Apr 23:23:01 [1081259096] servmgr select(): Socket operation on non-socket
- 11 Apr 23:23:01 [1081259096] servmgr listen on *:24558
